sysbench 1.1.0 (using bundled LuaJIT 2.1.0-beta3)

Running the test with following options:
Number of threads: 16
Initializing random number generator from current time


Initializing worker threads...

Threads started!

SQL statistics:
    queries performed:
        read:                            0
        write:                           80656
        other:                           19221
        total:                           99877
    transactions:                        99877  (4992.40 per sec.)
    queries:                             99877  (4992.40 per sec.)
    ignored errors:                      0      (0.00 per sec.)
    reconnects:                          0      (0.00 per sec.)

Throughput:
    events/s (eps):                      4992.3985
    time elapsed:                        20.0058s
    total number of events:              99877

Latency (ms):
         min:                                  0.05
         avg:                                  3.20
         max:                                143.14
         95th percentile:                      6.79
         sum:                             319725.46

Threads fairness:
    events (avg/stddev):           6242.3125/130.07
    execution time (avg/stddev):   19.9828/0.00

