sysbench 1.1.0 (using bundled LuaJIT 2.1.0-beta3)

Running the test with following options:
Number of threads: 8
Initializing random number generator from current time


Initializing worker threads...

Threads started!

SQL statistics:
    queries performed:
        read:                            0
        write:                           55520
        other:                           13557
        total:                           69077
    transactions:                        69077  (3453.28 per sec.)
    queries:                             69077  (3453.28 per sec.)
    ignored errors:                      0      (0.00 per sec.)
    reconnects:                          0      (0.00 per sec.)

Throughput:
    events/s (eps):                      3453.2841
    time elapsed:                        20.0033s
    total number of events:              69077

Latency (ms):
         min:                                  0.05
         avg:                                  2.31
         max:                                 46.20
         95th percentile:                      4.91
         sum:                             159775.21

Threads fairness:
    events (avg/stddev):           8634.6250/75.81
    execution time (avg/stddev):   19.9719/0.00

