sysbench 1.1.0 (using bundled LuaJIT 2.1.0-beta3)

Running the test with following options:
Number of threads: 8
Initializing random number generator from current time


Initializing worker threads...

Threads started!

SQL statistics:
    queries performed:
        read:                            762900
        write:                           0
        other:                           0
        total:                           762900
    transactions:                        762900 (38140.71 per sec.)
    queries:                             762900 (38140.71 per sec.)
    ignored errors:                      0      (0.00 per sec.)
    reconnects:                          0      (0.00 per sec.)

Throughput:
    events/s (eps):                      38140.7058
    time elapsed:                        20.0023s
    total number of events:              762900

Latency (ms):
         min:                                  0.04
         avg:                                  0.21
         max:                                 83.63
         95th percentile:                      0.30
         sum:                             159316.82

Threads fairness:
    events (avg/stddev):           95362.5000/436.91
    execution time (avg/stddev):   19.9146/0.00

