sysbench 1.1.0 (using bundled LuaJIT 2.1.0-beta3)

Running the test with following options:
Number of threads: 24
Initializing random number generator from current time


Initializing worker threads...

Threads started!

SQL statistics:
    queries performed:
        read:                            0
        write:                           99943
        other:                           0
        total:                           99943
    transactions:                        99943  (4995.29 per sec.)
    queries:                             99943  (4995.29 per sec.)
    ignored errors:                      0      (0.00 per sec.)
    reconnects:                          0      (0.00 per sec.)

Throughput:
    events/s (eps):                      4995.2867
    time elapsed:                        20.0075s
    total number of events:              99943

Latency (ms):
         min:                                  0.51
         avg:                                  4.80
         max:                                162.96
         95th percentile:                      9.22
         sum:                             479351.43

Threads fairness:
    events (avg/stddev):           4164.2917/66.58
    execution time (avg/stddev):   19.9730/0.01

