sysbench 1.1.0 (using bundled LuaJIT 2.1.0-beta3)

Running the test with following options:
Number of threads: 16
Initializing random number generator from current time


Initializing worker threads...

Threads started!

SQL statistics:
    queries performed:
        read:                            0
        write:                           27598
        other:                           332588
        total:                           360186
    transactions:                        360186 (17954.51 per sec.)
    queries:                             360186 (17954.51 per sec.)
    ignored errors:                      0      (0.00 per sec.)
    reconnects:                          0      (0.00 per sec.)

Throughput:
    events/s (eps):                      17954.5070
    time elapsed:                        20.0610s
    total number of events:              360186

Latency (ms):
         min:                                  0.04
         avg:                                  0.89
         max:                                127.59
         95th percentile:                      5.18
         sum:                             319832.23

Threads fairness:
    events (avg/stddev):           22511.6250/480.84
    execution time (avg/stddev):   19.9895/0.02

