sysbench 1.1.0 (using bundled LuaJIT 2.1.0-beta3)

Running the test with following options:
Number of threads: 24
Initializing random number generator from current time


Initializing worker threads...

Threads started!

SQL statistics:
    queries performed:
        read:                            0
        write:                           84587
        other:                           20328
        total:                           104915
    transactions:                        104915 (5243.00 per sec.)
    queries:                             104915 (5243.00 per sec.)
    ignored errors:                      0      (0.00 per sec.)
    reconnects:                          0      (0.00 per sec.)

Throughput:
    events/s (eps):                      5242.9979
    time elapsed:                        20.0105s
    total number of events:              104915

Latency (ms):
         min:                                  0.05
         avg:                                  4.57
         max:                                 69.18
         95th percentile:                     10.09
         sum:                             479780.98

Threads fairness:
    events (avg/stddev):           4371.4583/75.60
    execution time (avg/stddev):   19.9909/0.00

