sysbench 1.1.0 (using bundled LuaJIT 2.1.0-beta3)

Running the test with following options:
Number of threads: 16
Initializing random number generator from current time


Initializing worker threads...

Threads started!

SQL statistics:
    queries performed:
        read:                            167832
        write:                           40494
        other:                           31434
        total:                           239760
    transactions:                        11988  (598.65 per sec.)
    queries:                             239760 (11973.06 per sec.)
    ignored errors:                      0      (0.00 per sec.)
    reconnects:                          0      (0.00 per sec.)

Throughput:
    events/s (eps):                      598.6530
    time elapsed:                        20.0250s
    total number of events:              11988

Latency (ms):
         min:                                  2.43
         avg:                                 26.70
         max:                                206.87
         95th percentile:                     49.21
         sum:                             320130.14

Threads fairness:
    events (avg/stddev):           749.2500/11.65
    execution time (avg/stddev):   20.0081/0.01

