sysbench 1.1.0 (using bundled LuaJIT 2.1.0-beta3)

Running the test with following options:
Number of threads: 24
Initializing random number generator from current time


Initializing worker threads...

Threads started!

SQL statistics:
    queries performed:
        read:                            653771
        write:                           0
        other:                           0
        total:                           653771
    transactions:                        653771 (32675.64 per sec.)
    queries:                             653771 (32675.64 per sec.)
    ignored errors:                      0      (0.00 per sec.)
    reconnects:                          0      (0.00 per sec.)

Throughput:
    events/s (eps):                      32675.6354
    time elapsed:                        20.0079s
    total number of events:              653771

Latency (ms):
         min:                                  0.04
         avg:                                  0.73
         max:                                254.01
         95th percentile:                      1.03
         sum:                             476343.32

Threads fairness:
    events (avg/stddev):           27240.4583/238.33
    execution time (avg/stddev):   19.8476/0.06

