sysbench 1.1.0 (using bundled LuaJIT 2.1.0-beta3)

Running the test with following options:
Number of threads: 1
Initializing random number generator from current time


Initializing worker threads...

Threads started!

SQL statistics:
    queries performed:
        read:                            332234
        write:                           0
        other:                           47462
        total:                           379696
    transactions:                        23731  (1186.47 per sec.)
    queries:                             379696 (18983.55 per sec.)
    ignored errors:                      0      (0.00 per sec.)
    reconnects:                          0      (0.00 per sec.)

Throughput:
    events/s (eps):                      1186.4717
    time elapsed:                        20.0013s
    total number of events:              23731

Latency (ms):
         min:                                  0.74
         avg:                                  0.84
         max:                                  4.61
         95th percentile:                      1.04
         sum:                              19935.28

Threads fairness:
    events (avg/stddev):           23731.0000/0.00
    execution time (avg/stddev):   19.9353/0.00

