sysbench 1.1.0 (using bundled LuaJIT 2.1.0-beta3)

Running the test with following options:
Number of threads: 16
Initializing random number generator from current time


Initializing worker threads...

Threads started!

SQL statistics:
    queries performed:
        read:                            0
        write:                           65288
        other:                           15519
        total:                           80807
    transactions:                        80807  (4038.98 per sec.)
    queries:                             80807  (4038.98 per sec.)
    ignored errors:                      0      (0.00 per sec.)
    reconnects:                          0      (0.00 per sec.)

Throughput:
    events/s (eps):                      4038.9828
    time elapsed:                        20.0068s
    total number of events:              80807

Latency (ms):
         min:                                  0.05
         avg:                                  3.96
         max:                                 67.81
         95th percentile:                      8.58
         sum:                             319782.55

Threads fairness:
    events (avg/stddev):           5050.4375/64.40
    execution time (avg/stddev):   19.9864/0.00

