sysbench 1.1.0 (using bundled LuaJIT 2.1.0-beta3)

Running the test with following options:
Number of threads: 8
Initializing random number generator from current time


Initializing worker threads...

Threads started!

SQL statistics:
    queries performed:
        read:                            0
        write:                           89257
        other:                           62489
        total:                           151746
    transactions:                        25291  (1264.21 per sec.)
    queries:                             151746 (7585.25 per sec.)
    ignored errors:                      0      (0.00 per sec.)
    reconnects:                          0      (0.00 per sec.)

Throughput:
    events/s (eps):                      1264.2081
    time elapsed:                        20.0054s
    total number of events:              25291

Latency (ms):
         min:                                  1.08
         avg:                                  6.32
         max:                                118.64
         95th percentile:                     13.46
         sum:                             159855.07

Threads fairness:
    events (avg/stddev):           3161.3750/48.98
    execution time (avg/stddev):   19.9819/0.01

