sysbench 1.1.0 (using bundled LuaJIT 2.1.0-beta3)

Running the test with following options:
Number of threads: 8
Initializing random number generator from current time


Initializing worker threads...

Threads started!

SQL statistics:
    queries performed:
        read:                            0
        write:                           63221
        other:                           15367
        total:                           78588
    transactions:                        78588  (3928.81 per sec.)
    queries:                             78588  (3928.81 per sec.)
    ignored errors:                      0      (0.00 per sec.)
    reconnects:                          0      (0.00 per sec.)

Throughput:
    events/s (eps):                      3928.8148
    time elapsed:                        20.0030s
    total number of events:              78588

Latency (ms):
         min:                                  0.05
         avg:                                  2.03
         max:                                 45.43
         95th percentile:                      4.25
         sum:                             159750.46

Threads fairness:
    events (avg/stddev):           9823.5000/65.35
    execution time (avg/stddev):   19.9688/0.00

