sysbench 1.1.0 (using bundled LuaJIT 2.1.0-beta3)

Running the test with following options:
Number of threads: 16
Initializing random number generator from current time


Initializing worker threads...

Threads started!

SQL statistics:
    queries performed:
        read:                            0
        write:                           87789
        other:                           0
        total:                           87789
    transactions:                        87789  (4388.31 per sec.)
    queries:                             87789  (4388.31 per sec.)
    ignored errors:                      0      (0.00 per sec.)
    reconnects:                          0      (0.00 per sec.)

Throughput:
    events/s (eps):                      4388.3108
    time elapsed:                        20.0052s
    total number of events:              87789

Latency (ms):
         min:                                  0.66
         avg:                                  3.64
         max:                                 94.59
         95th percentile:                      6.67
         sum:                             319527.94

Threads fairness:
    events (avg/stddev):           5486.8125/48.34
    execution time (avg/stddev):   19.9705/0.00

