sysbench 1.1.0 (using bundled LuaJIT 2.1.0-beta3)

Running the test with following options:
Number of threads: 24
Initializing random number generator from current time


Initializing worker threads...

Threads started!

SQL statistics:
    queries performed:
        read:                            479388
        write:                           0
        other:                           68484
        total:                           547872
    transactions:                        34242  (1710.64 per sec.)
    queries:                             547872 (27370.27 per sec.)
    ignored errors:                      0      (0.00 per sec.)
    reconnects:                          0      (0.00 per sec.)

Throughput:
    events/s (eps):                      1710.6421
    time elapsed:                        20.0170s
    total number of events:              34242

Latency (ms):
         min:                                  0.78
         avg:                                 14.02
         max:                                242.24
         95th percentile:                     18.28
         sum:                             479999.24

Threads fairness:
    events (avg/stddev):           1426.7500/24.48
    execution time (avg/stddev):   20.0000/0.01

