sysbench 1.1.0 (using bundled LuaJIT 2.1.0-beta3)

Running the test with following options:
Number of threads: 24
Initializing random number generator from current time


Initializing worker threads...

Threads started!

SQL statistics:
    queries performed:
        read:                            294490
        write:                           0
        other:                           0
        total:                           294490
    transactions:                        294490 (14719.22 per sec.)
    queries:                             294490 (14719.22 per sec.)
    ignored errors:                      0      (0.00 per sec.)
    reconnects:                          0      (0.00 per sec.)

Throughput:
    events/s (eps):                      14719.2178
    time elapsed:                        20.0072s
    total number of events:              294490

Latency (ms):
         min:                                  0.07
         avg:                                  1.62
         max:                                231.81
         95th percentile:                      2.48
         sum:                             478350.43

Threads fairness:
    events (avg/stddev):           12270.4167/1768.02
    execution time (avg/stddev):   19.9313/0.01

