sysbench 1.1.0 (using bundled LuaJIT 2.1.0-beta3)

Running the test with following options:
Number of threads: 1
Initializing random number generator from current time


Initializing worker threads...

Threads started!

SQL statistics:
    queries performed:
        read:                            7358
        write:                           0
        other:                           0
        total:                           7358
    transactions:                        7358   (367.87 per sec.)
    queries:                             7358   (367.87 per sec.)
    ignored errors:                      0      (0.00 per sec.)
    reconnects:                          0      (0.00 per sec.)

Throughput:
    events/s (eps):                      367.8690
    time elapsed:                        20.0017s
    total number of events:              7358

Latency (ms):
         min:                                  0.84
         avg:                                  2.71
         max:                                 17.28
         95th percentile:                      3.49
         sum:                              19964.81

Threads fairness:
    events (avg/stddev):           7358.0000/0.00
    execution time (avg/stddev):   19.9648/0.00

