sysbench 1.1.0 (using bundled LuaJIT 2.1.0-beta3)

Running the test with following options:
Number of threads: 8
Initializing random number generator from current time


Initializing worker threads...

Threads started!

SQL statistics:
    queries performed:
        read:                            325550
        write:                           0
        other:                           0
        total:                           325550
    transactions:                        325550 (16275.35 per sec.)
    queries:                             325550 (16275.35 per sec.)
    ignored errors:                      0      (0.00 per sec.)
    reconnects:                          0      (0.00 per sec.)

Throughput:
    events/s (eps):                      16275.3543
    time elapsed:                        20.0026s
    total number of events:              325550

Latency (ms):
         min:                                  0.07
         avg:                                  0.49
         max:                                 57.90
         95th percentile:                      0.78
         sum:                             159354.24

Threads fairness:
    events (avg/stddev):           40693.7500/6160.24
    execution time (avg/stddev):   19.9193/0.02

