sysbench 1.1.0 (using bundled LuaJIT 2.1.0-beta3)

Running the test with following options:
Number of threads: 24
Initializing random number generator from current time


Initializing worker threads...

Threads started!

SQL statistics:
    queries performed:
        read:                            279792
        write:                           0
        other:                           0
        total:                           279792
    transactions:                        279792 (13982.60 per sec.)
    queries:                             279792 (13982.60 per sec.)
    ignored errors:                      0      (0.00 per sec.)
    reconnects:                          0      (0.00 per sec.)

Throughput:
    events/s (eps):                      13982.5962
    time elapsed:                        20.0100s
    total number of events:              279792

Latency (ms):
         min:                                  0.08
         avg:                                  1.71
         max:                                351.06
         95th percentile:                      2.48
         sum:                             478980.92

Threads fairness:
    events (avg/stddev):           11658.0000/960.72
    execution time (avg/stddev):   19.9575/0.01

