sysbench 1.1.0 (using bundled LuaJIT 2.1.0-beta3)

Running the test with following options:
Number of threads: 8
Initializing random number generator from current time


Initializing worker threads...

Threads started!

SQL statistics:
    queries performed:
        read:                            0
        write:                           110551
        other:                           75013
        total:                           185564
    transactions:                        30922  (1545.65 per sec.)
    queries:                             185564 (9275.47 per sec.)
    ignored errors:                      13     (0.65 per sec.)
    reconnects:                          0      (0.00 per sec.)

Throughput:
    events/s (eps):                      1545.6459
    time elapsed:                        20.0059s
    total number of events:              30922

Latency (ms):
         min:                                  1.24
         avg:                                  5.17
         max:                                115.05
         95th percentile:                      9.91
         sum:                             159843.95

Threads fairness:
    events (avg/stddev):           3865.2500/53.46
    execution time (avg/stddev):   19.9805/0.00

