sysbench 1.1.0 (using bundled LuaJIT 2.1.0-beta3)

Running the test with following options:
Number of threads: 1
Initializing random number generator from current time


Initializing worker threads...

Threads started!

SQL statistics:
    queries performed:
        read:                            0
        write:                           23345
        other:                           5255
        total:                           28600
    transactions:                        28600  (1429.96 per sec.)
    queries:                             28600  (1429.96 per sec.)
    ignored errors:                      0      (0.00 per sec.)
    reconnects:                          0      (0.00 per sec.)

Throughput:
    events/s (eps):                      1429.9582
    time elapsed:                        20.0006s
    total number of events:              28600

Latency (ms):
         min:                                  0.06
         avg:                                  0.70
         max:                                  9.47
         95th percentile:                      1.21
         sum:                              19893.35

Threads fairness:
    events (avg/stddev):           28600.0000/0.00
    execution time (avg/stddev):   19.8934/0.00

