sysbench 1.1.0 (using bundled LuaJIT 2.1.0-beta3)

Running the test with following options:
Number of threads: 1
Initializing random number generator from current time


Initializing worker threads...

Threads started!

SQL statistics:
    queries performed:
        read:                            376123
        write:                           0
        other:                           0
        total:                           376123
    transactions:                        376123 (18805.82 per sec.)
    queries:                             376123 (18805.82 per sec.)
    ignored errors:                      0      (0.00 per sec.)
    reconnects:                          0      (0.00 per sec.)

Throughput:
    events/s (eps):                      18805.8237
    time elapsed:                        20.0003s
    total number of events:              376123

Latency (ms):
         min:                                  0.05
         avg:                                  0.05
         max:                                 23.66
         95th percentile:                      0.06
         sum:                              19718.77

Threads fairness:
    events (avg/stddev):           376123.0000/0.00
    execution time (avg/stddev):   19.7188/0.00

