sysbench 1.1.0 (using bundled LuaJIT 2.1.0-beta3)

Running the test with following options:
Number of threads: 16
Initializing random number generator from current time


Initializing worker threads...

Threads started!

SQL statistics:
    queries performed:
        read:                            493430
        write:                           0
        other:                           70490
        total:                           563920
    transactions:                        35245  (1761.27 per sec.)
    queries:                             563920 (28180.25 per sec.)
    ignored errors:                      0      (0.00 per sec.)
    reconnects:                          0      (0.00 per sec.)

Throughput:
    events/s (eps):                      1761.2656
    time elapsed:                        20.0112s
    total number of events:              35245

Latency (ms):
         min:                                  6.65
         avg:                                  9.08
         max:                                 24.71
         95th percentile:                     11.45
         sum:                             319961.20

Threads fairness:
    events (avg/stddev):           2202.8125/18.35
    execution time (avg/stddev):   19.9976/0.00

