sysbench 1.1.0 (using bundled LuaJIT 2.1.0-beta3)

Running the test with following options:
Number of threads: 8
Initializing random number generator from current time


Initializing worker threads...

Threads started!

SQL statistics:
    queries performed:
        read:                            679848
        write:                           0
        other:                           0
        total:                           679848
    transactions:                        679848 (33988.58 per sec.)
    queries:                             679848 (33988.58 per sec.)
    ignored errors:                      0      (0.00 per sec.)
    reconnects:                          0      (0.00 per sec.)

Throughput:
    events/s (eps):                      33988.5775
    time elapsed:                        20.0022s
    total number of events:              679848

Latency (ms):
         min:                                  0.05
         avg:                                  0.23
         max:                                 21.41
         95th percentile:                      0.32
         sum:                             159408.45

Threads fairness:
    events (avg/stddev):           84981.0000/242.46
    execution time (avg/stddev):   19.9261/0.00

