sysbench 1.1.0 (using bundled LuaJIT 2.1.0-beta3)

Running the test with following options:
Number of threads: 24
Initializing random number generator from current time


Initializing worker threads...

Threads started!

SQL statistics:
    queries performed:
        read:                            0
        write:                           51178
        other:                           231421
        total:                           282599
    transactions:                        282599 (14125.38 per sec.)
    queries:                             282599 (14125.38 per sec.)
    ignored errors:                      0      (0.00 per sec.)
    reconnects:                          0      (0.00 per sec.)

Throughput:
    events/s (eps):                      14125.3751
    time elapsed:                        20.0065s
    total number of events:              282599

Latency (ms):
         min:                                  0.05
         avg:                                  1.70
         max:                               1028.34
         95th percentile:                      8.28
         sum:                             479355.85

Threads fairness:
    events (avg/stddev):           11774.9583/258.54
    execution time (avg/stddev):   19.9732/0.01

