sysbench 1.1.0 (using bundled LuaJIT 2.1.0-beta3)

Running the test with following options:
Number of threads: 16
Initializing random number generator from current time


Initializing worker threads...

Threads started!

SQL statistics:
    queries performed:
        read:                            0
        write:                           95211
        other:                           21959
        total:                           117170
    transactions:                        117170 (5856.95 per sec.)
    queries:                             117170 (5856.95 per sec.)
    ignored errors:                      0      (0.00 per sec.)
    reconnects:                          0      (0.00 per sec.)

Throughput:
    events/s (eps):                      5856.9458
    time elapsed:                        20.0053s
    total number of events:              117170

Latency (ms):
         min:                                  0.06
         avg:                                  2.73
         max:                                 69.16
         95th percentile:                      5.18
         sum:                             319777.77

Threads fairness:
    events (avg/stddev):           7323.1250/73.40
    execution time (avg/stddev):   19.9861/0.00

