sysbench 1.1.0 (using bundled LuaJIT 2.1.0-beta3)

Running the test with following options:
Number of threads: 1
Initializing random number generator from current time


Initializing worker threads...

Threads started!

SQL statistics:
    queries performed:
        read:                            85498
        write:                           20915
        other:                           15727
        total:                           122140
    transactions:                        6107   (305.33 per sec.)
    queries:                             122140 (6106.62 per sec.)
    ignored errors:                      0      (0.00 per sec.)
    reconnects:                          0      (0.00 per sec.)

Throughput:
    events/s (eps):                      305.3308
    time elapsed:                        20.0013s
    total number of events:              6107

Latency (ms):
         min:                                  2.39
         avg:                                  3.27
         max:                                 18.60
         95th percentile:                      3.68
         sum:                              19963.96

Threads fairness:
    events (avg/stddev):           6107.0000/0.00
    execution time (avg/stddev):   19.9640/0.00

