sysbench 1.1.0 (using bundled LuaJIT 2.1.0-beta3)

Running the test with following options:
Number of threads: 1
Initializing random number generator from current time


Initializing worker threads...

Threads started!

SQL statistics:
    queries performed:
        read:                            0
        write:                           26155
        other:                           6140
        total:                           32295
    transactions:                        32295  (1614.71 per sec.)
    queries:                             32295  (1614.71 per sec.)
    ignored errors:                      0      (0.00 per sec.)
    reconnects:                          0      (0.00 per sec.)

Throughput:
    events/s (eps):                      1614.7057
    time elapsed:                        20.0005s
    total number of events:              32295

Latency (ms):
         min:                                  0.06
         avg:                                  0.62
         max:                                174.50
         95th percentile:                      1.03
         sum:                              19894.81

Threads fairness:
    events (avg/stddev):           32295.0000/0.00
    execution time (avg/stddev):   19.8948/0.00

