sysbench 1.1.0 (using bundled LuaJIT 2.1.0-beta3)

Running the test with following options:
Number of threads: 16
Initializing random number generator from current time


Initializing worker threads...

Threads started!

SQL statistics:
    queries performed:
        read:                            177086
        write:                           42888
        other:                           32983
        total:                           252957
    transactions:                        12643  (631.46 per sec.)
    queries:                             252957 (12634.00 per sec.)
    ignored errors:                      6      (0.30 per sec.)
    reconnects:                          0      (0.00 per sec.)

Throughput:
    events/s (eps):                      631.4579
    time elapsed:                        20.0219s
    total number of events:              12643

Latency (ms):
         min:                                  2.29
         avg:                                 25.30
         max:                                353.95
         95th percentile:                     51.02
         sum:                             319923.95

Threads fairness:
    events (avg/stddev):           790.1875/13.52
    execution time (avg/stddev):   19.9952/0.01

