sysbench 1.1.0 (using bundled LuaJIT 2.1.0-beta3)

Running the test with following options:
Number of threads: 8
Initializing random number generator from current time


Initializing worker threads...

Threads started!

SQL statistics:
    queries performed:
        read:                            0
        write:                           54928
        other:                           12758
        total:                           67686
    transactions:                        67686  (3383.75 per sec.)
    queries:                             67686  (3383.75 per sec.)
    ignored errors:                      0      (0.00 per sec.)
    reconnects:                          0      (0.00 per sec.)

Throughput:
    events/s (eps):                      3383.7542
    time elapsed:                        20.0032s
    total number of events:              67686

Latency (ms):
         min:                                  0.06
         avg:                                  2.36
         max:                                546.95
         95th percentile:                      4.49
         sum:                             159720.22

Threads fairness:
    events (avg/stddev):           8460.7500/58.95
    execution time (avg/stddev):   19.9650/0.01

