sysbench 1.1.0 (using bundled LuaJIT 2.1.0-beta3)

Running the test with following options:
Number of threads: 1
Initializing random number generator from current time


Initializing worker threads...

Threads started!

SQL statistics:
    queries performed:
        read:                            279762
        write:                           0
        other:                           39966
        total:                           319728
    transactions:                        19983  (999.09 per sec.)
    queries:                             319728 (15985.39 per sec.)
    ignored errors:                      0      (0.00 per sec.)
    reconnects:                          0      (0.00 per sec.)

Throughput:
    events/s (eps):                      999.0867
    time elapsed:                        20.0013s
    total number of events:              19983

Latency (ms):
         min:                                  0.84
         avg:                                  1.00
         max:                                  2.86
         95th percentile:                      1.37
         sum:                              19935.93

Threads fairness:
    events (avg/stddev):           19983.0000/0.00
    execution time (avg/stddev):   19.9359/0.00

