sysbench 1.1.0 (using bundled LuaJIT 2.1.0-beta3)

Running the test with following options:
Number of threads: 24
Initializing random number generator from current time


Initializing worker threads...

Threads started!

SQL statistics:
    queries performed:
        read:                            229292
        write:                           47702
        other:                           50447
        total:                           327441
    transactions:                        16322  (814.77 per sec.)
    queries:                             327441 (16345.45 per sec.)
    ignored errors:                      56     (2.80 per sec.)
    reconnects:                          0      (0.00 per sec.)

Throughput:
    events/s (eps):                      814.7739
    time elapsed:                        20.0326s
    total number of events:              16322

Latency (ms):
         min:                                  2.20
         avg:                                 29.43
         max:                                225.05
         95th percentile:                     56.84
         sum:                             480321.21

Threads fairness:
    events (avg/stddev):           680.0833/20.72
    execution time (avg/stddev):   20.0134/0.01

