sysbench 1.1.0 (using bundled LuaJIT 2.1.0-beta3)

Running the test with following options:
Number of threads: 16
Initializing random number generator from current time


Initializing worker threads...

Threads started!

SQL statistics:
    queries performed:
        read:                            277107
        write:                           0
        other:                           0
        total:                           277107
    transactions:                        277107 (13851.33 per sec.)
    queries:                             277107 (13851.33 per sec.)
    ignored errors:                      0      (0.00 per sec.)
    reconnects:                          0      (0.00 per sec.)

Throughput:
    events/s (eps):                      13851.3317
    time elapsed:                        20.0058s
    total number of events:              277107

Latency (ms):
         min:                                  0.10
         avg:                                  1.15
         max:                                 50.15
         95th percentile:                      1.67
         sum:                             319441.69

Threads fairness:
    events (avg/stddev):           17319.1875/1507.89
    execution time (avg/stddev):   19.9651/0.00

