sysbench 1.1.0 (using bundled LuaJIT 2.1.0-beta3)

Running the test with following options:
Number of threads: 16
Initializing random number generator from current time


Initializing worker threads...

Threads started!

SQL statistics:
    queries performed:
        read:                            256854
        write:                           0
        other:                           0
        total:                           256854
    transactions:                        256854 (12839.31 per sec.)
    queries:                             256854 (12839.31 per sec.)
    ignored errors:                      0      (0.00 per sec.)
    reconnects:                          0      (0.00 per sec.)

Throughput:
    events/s (eps):                      12839.3064
    time elapsed:                        20.0053s
    total number of events:              256854

Latency (ms):
         min:                                  0.10
         avg:                                  1.24
         max:                                 54.87
         95th percentile:                      1.89
         sum:                             319304.71

Threads fairness:
    events (avg/stddev):           16053.3750/2404.98
    execution time (avg/stddev):   19.9565/0.01

