sysbench 1.1.0 (using bundled LuaJIT 2.1.0-beta3)

Running the test with following options:
Number of threads: 24
Initializing random number generator from current time


Initializing worker threads...

Threads started!

SQL statistics:
    queries performed:
        read:                            227519
        write:                           0
        other:                           0
        total:                           227519
    transactions:                        227519 (11372.19 per sec.)
    queries:                             227519 (11372.19 per sec.)
    ignored errors:                      0      (0.00 per sec.)
    reconnects:                          0      (0.00 per sec.)

Throughput:
    events/s (eps):                      11372.1884
    time elapsed:                        20.0066s
    total number of events:              227519

Latency (ms):
         min:                                  0.08
         avg:                                  2.11
         max:                                284.45
         95th percentile:                      3.68
         sum:                             479099.29

Threads fairness:
    events (avg/stddev):           9479.9583/1315.09
    execution time (avg/stddev):   19.9625/0.01

