sysbench 1.1.0 (using bundled LuaJIT 2.1.0-beta3)

Running the test with following options:
Number of threads: 24
Initializing random number generator from current time


Initializing worker threads...

Threads started!

SQL statistics:
    queries performed:
        read:                            263915
        write:                           0
        other:                           0
        total:                           263915
    transactions:                        263915 (13191.35 per sec.)
    queries:                             263915 (13191.35 per sec.)
    ignored errors:                      0      (0.00 per sec.)
    reconnects:                          0      (0.00 per sec.)

Throughput:
    events/s (eps):                      13191.3544
    time elapsed:                        20.0067s
    total number of events:              263915

Latency (ms):
         min:                                  0.11
         avg:                                  1.82
         max:                                 93.39
         95th percentile:                      2.61
         sum:                             479393.54

Threads fairness:
    events (avg/stddev):           10996.4583/900.77
    execution time (avg/stddev):   19.9747/0.02

