sysbench 1.1.0 (using bundled LuaJIT 2.1.0-beta3)

Running the test with following options:
Number of threads: 8
Initializing random number generator from current time


Initializing worker threads...

Threads started!

SQL statistics:
    queries performed:
        read:                            233038
        write:                           0
        other:                           0
        total:                           233038
    transactions:                        233038 (11650.35 per sec.)
    queries:                             233038 (11650.35 per sec.)
    ignored errors:                      0      (0.00 per sec.)
    reconnects:                          0      (0.00 per sec.)

Throughput:
    events/s (eps):                      11650.3518
    time elapsed:                        20.0027s
    total number of events:              233038

Latency (ms):
         min:                                  0.09
         avg:                                  0.68
         max:                                 69.97
         95th percentile:                      1.27
         sum:                             159477.13

Threads fairness:
    events (avg/stddev):           29129.7500/3073.79
    execution time (avg/stddev):   19.9346/0.01

