sysbench 1.1.0 (using bundled LuaJIT 2.1.0-beta3)

Running the test with following options:
Number of threads: 1
Initializing random number generator from current time


Initializing worker threads...

Threads started!

SQL statistics:
    queries performed:
        read:                            7838
        write:                           0
        other:                           0
        total:                           7838
    transactions:                        7838   (391.86 per sec.)
    queries:                             7838   (391.86 per sec.)
    ignored errors:                      0      (0.00 per sec.)
    reconnects:                          0      (0.00 per sec.)

Throughput:
    events/s (eps):                      391.8601
    time elapsed:                        20.0020s
    total number of events:              7838

Latency (ms):
         min:                                  0.78
         avg:                                  2.55
         max:                                 17.34
         95th percentile:                      3.68
         sum:                              19975.26

Threads fairness:
    events (avg/stddev):           7838.0000/0.00
    execution time (avg/stddev):   19.9753/0.00

