sysbench 1.1.0 (using bundled LuaJIT 2.1.0-beta3)

Running the test with following options:
Number of threads: 16
Initializing random number generator from current time


Initializing worker threads...

Threads started!

SQL statistics:
    queries performed:
        read:                            0
        write:                           91353
        other:                           66990
        total:                           158343
    transactions:                        26386  (1318.18 per sec.)
    queries:                             158343 (7910.46 per sec.)
    ignored errors:                      10     (0.50 per sec.)
    reconnects:                          0      (0.00 per sec.)

Throughput:
    events/s (eps):                      1318.1847
    time elapsed:                        20.0169s
    total number of events:              26386

Latency (ms):
         min:                                  1.67
         avg:                                 12.13
         max:                                 50.94
         95th percentile:                     19.65
         sum:                             320053.61

Threads fairness:
    events (avg/stddev):           1649.1250/35.76
    execution time (avg/stddev):   20.0034/0.01

