sysbench 1.1.0 (using bundled LuaJIT 2.1.0-beta3)

Running the test with following options:
Number of threads: 8
Initializing random number generator from current time


Initializing worker threads...

Threads started!

SQL statistics:
    queries performed:
        read:                            538211
        write:                           0
        other:                           0
        total:                           538211
    transactions:                        538211 (26908.02 per sec.)
    queries:                             538211 (26908.02 per sec.)
    ignored errors:                      0      (0.00 per sec.)
    reconnects:                          0      (0.00 per sec.)

Throughput:
    events/s (eps):                      26908.0223
    time elapsed:                        20.0019s
    total number of events:              538211

Latency (ms):
         min:                                  0.06
         avg:                                  0.30
         max:                                 21.42
         95th percentile:                      0.42
         sum:                             159569.62

Threads fairness:
    events (avg/stddev):           67276.3750/631.64
    execution time (avg/stddev):   19.9462/0.00

