sysbench 1.1.0 (using bundled LuaJIT 2.1.0-beta3)

Running the test with following options:
Number of threads: 16
Initializing random number generator from current time


Initializing worker threads...

Threads started!

SQL statistics:
    queries performed:
        read:                            139230
        write:                           33382
        other:                           26276
        total:                           198888
    transactions:                        9942   (496.28 per sec.)
    queries:                             198888 (9928.00 per sec.)
    ignored errors:                      3      (0.15 per sec.)
    reconnects:                          0      (0.00 per sec.)

Throughput:
    events/s (eps):                      496.2803
    time elapsed:                        20.0330s
    total number of events:              9942

Latency (ms):
         min:                                  4.07
         avg:                                 32.20
         max:                                180.05
         95th percentile:                     57.87
         sum:                             320167.53

Threads fairness:
    events (avg/stddev):           621.3750/13.16
    execution time (avg/stddev):   20.0105/0.01

