sysbench 1.1.0 (using bundled LuaJIT 2.1.0-beta3)

Running the test with following options:
Number of threads: 8
Initializing random number generator from current time


Initializing worker threads...

Threads started!

SQL statistics:
    queries performed:
        read:                            0
        write:                           40933
        other:                           10157
        total:                           51090
    transactions:                        51090  (2553.74 per sec.)
    queries:                             51090  (2553.74 per sec.)
    ignored errors:                      0      (0.00 per sec.)
    reconnects:                          0      (0.00 per sec.)

Throughput:
    events/s (eps):                      2553.7428
    time elapsed:                        20.0059s
    total number of events:              51090

Latency (ms):
         min:                                  0.08
         avg:                                  3.13
         max:                                100.86
         95th percentile:                      5.57
         sum:                             159928.69

Threads fairness:
    events (avg/stddev):           6386.2500/61.44
    execution time (avg/stddev):   19.9911/0.00

