sysbench 1.1.0 (using bundled LuaJIT 2.1.0-beta3)

Running the test with following options:
Number of threads: 16
Initializing random number generator from current time


Initializing worker threads...

Threads started!

SQL statistics:
    queries performed:
        read:                            0
        write:                           59466
        other:                           14990
        total:                           74456
    transactions:                        74456  (3721.41 per sec.)
    queries:                             74456  (3721.41 per sec.)
    ignored errors:                      0      (0.00 per sec.)
    reconnects:                          0      (0.00 per sec.)

Throughput:
    events/s (eps):                      3721.4150
    time elapsed:                        20.0074s
    total number of events:              74456

Latency (ms):
         min:                                  0.08
         avg:                                  4.30
         max:                                 70.50
         95th percentile:                      7.43
         sum:                             319925.59

Threads fairness:
    events (avg/stddev):           4653.5000/51.28
    execution time (avg/stddev):   19.9953/0.00

