sysbench 1.1.0 (using bundled LuaJIT 2.1.0-beta3)

Running the test with following options:
Number of threads: 1
Initializing random number generator from current time


Initializing worker threads...

Threads started!

SQL statistics:
    queries performed:
        read:                            0
        write:                           19917
        other:                           0
        total:                           19917
    transactions:                        19917  (995.83 per sec.)
    queries:                             19917  (995.83 per sec.)
    ignored errors:                      0      (0.00 per sec.)
    reconnects:                          0      (0.00 per sec.)

Throughput:
    events/s (eps):                      995.8275
    time elapsed:                        20.0005s
    total number of events:              19917

Latency (ms):
         min:                                  0.59
         avg:                                  1.00
         max:                                 26.84
         95th percentile:                      1.27
         sum:                              19884.31

Threads fairness:
    events (avg/stddev):           19917.0000/0.00
    execution time (avg/stddev):   19.8843/0.00

