sysbench 1.1.0 (using bundled LuaJIT 2.1.0-beta3)

Running the test with following options:
Number of threads: 16
Initializing random number generator from current time


Initializing worker threads...

Threads started!

SQL statistics:
    queries performed:
        read:                            0
        write:                           69381
        other:                           0
        total:                           69381
    transactions:                        69381  (3467.96 per sec.)
    queries:                             69381  (3467.96 per sec.)
    ignored errors:                      0      (0.00 per sec.)
    reconnects:                          0      (0.00 per sec.)

Throughput:
    events/s (eps):                      3467.9649
    time elapsed:                        20.0063s
    total number of events:              69381

Latency (ms):
         min:                                  0.79
         avg:                                  4.61
         max:                                 52.81
         95th percentile:                      6.67
         sum:                             319803.63

Threads fairness:
    events (avg/stddev):           4336.3125/25.44
    execution time (avg/stddev):   19.9877/0.00

