sysbench 1.1.0 (using bundled LuaJIT 2.1.0-beta3)

Running the test with following options:
Number of threads: 16
Initializing random number generator from current time


Initializing worker threads...

Threads started!

SQL statistics:
    queries performed:
        read:                            473461
        write:                           0
        other:                           0
        total:                           473461
    transactions:                        473461 (23669.02 per sec.)
    queries:                             473461 (23669.02 per sec.)
    ignored errors:                      0      (0.00 per sec.)
    reconnects:                          0      (0.00 per sec.)

Throughput:
    events/s (eps):                      23669.0206
    time elapsed:                        20.0034s
    total number of events:              473461

Latency (ms):
         min:                                  0.06
         avg:                                  0.67
         max:                                 67.53
         95th percentile:                      0.97
         sum:                             319578.93

Threads fairness:
    events (avg/stddev):           29591.3125/316.01
    execution time (avg/stddev):   19.9737/0.00

