sysbench 1.1.0 (using bundled LuaJIT 2.1.0-beta3)

Running the test with following options:
Number of threads: 1
Initializing random number generator from current time


Initializing worker threads...

Threads started!

SQL statistics:
    queries performed:
        read:                            0
        write:                           18599
        other:                           4763
        total:                           23362
    transactions:                        23362  (1168.06 per sec.)
    queries:                             23362  (1168.06 per sec.)
    ignored errors:                      0      (0.00 per sec.)
    reconnects:                          0      (0.00 per sec.)

Throughput:
    events/s (eps):                      1168.0573
    time elapsed:                        20.0007s
    total number of events:              23362

Latency (ms):
         min:                                  0.08
         avg:                                  0.85
         max:                                 47.83
         95th percentile:                      1.27
         sum:                              19926.24

Threads fairness:
    events (avg/stddev):           23362.0000/0.00
    execution time (avg/stddev):   19.9262/0.00

