sysbench 1.1.0 (using bundled LuaJIT 2.1.0-beta3)

Running the test with following options:
Number of threads: 1
Initializing random number generator from current time


Initializing worker threads...

Threads started!

SQL statistics:
    queries performed:
        read:                            67662
        write:                           16457
        other:                           12541
        total:                           96660
    transactions:                        4833   (241.60 per sec.)
    queries:                             96660  (4832.04 per sec.)
    ignored errors:                      0      (0.00 per sec.)
    reconnects:                          0      (0.00 per sec.)

Throughput:
    events/s (eps):                      241.6019
    time elapsed:                        20.0040s
    total number of events:              4833

Latency (ms):
         min:                                  2.94
         avg:                                  4.13
         max:                                 34.02
         95th percentile:                      5.09
         sum:                              19974.29

Threads fairness:
    events (avg/stddev):           4833.0000/0.00
    execution time (avg/stddev):   19.9743/0.00

