sysbench 1.1.0 (using bundled LuaJIT 2.1.0-beta3)

Running the test with following options:
Number of threads: 24
Initializing random number generator from current time


Initializing worker threads...

Threads started!

SQL statistics:
    queries performed:
        read:                            158494
        write:                           30605
        other:                           37210
        total:                           226309
    transactions:                        11266  (561.01 per sec.)
    queries:                             226309 (11269.51 per sec.)
    ignored errors:                      55     (2.74 per sec.)
    reconnects:                          0      (0.00 per sec.)

Throughput:
    events/s (eps):                      561.0131
    time elapsed:                        20.0815s
    total number of events:              11266

Latency (ms):
         min:                                  4.22
         avg:                                 42.65
         max:                                262.02
         95th percentile:                     77.19
         sum:                             480490.35

Threads fairness:
    events (avg/stddev):           469.4167/12.86
    execution time (avg/stddev):   20.0204/0.01

