sysbench 1.1.0 (using bundled LuaJIT 2.1.0-beta3)

Running the test with following options:
Number of threads: 24
Initializing random number generator from current time


Initializing worker threads...

Threads started!

SQL statistics:
    queries performed:
        read:                            0
        write:                           97272
        other:                           73251
        total:                           170523
    transactions:                        28410  (1419.24 per sec.)
    queries:                             170523 (8518.57 per sec.)
    ignored errors:                      27     (1.35 per sec.)
    reconnects:                          0      (0.00 per sec.)

Throughput:
    events/s (eps):                      1419.2376
    time elapsed:                        20.0178s
    total number of events:              28410

Latency (ms):
         min:                                  1.83
         avg:                                 16.90
         max:                                 97.95
         95th percentile:                     28.16
         sum:                             480051.09

Threads fairness:
    events (avg/stddev):           1183.7500/25.73
    execution time (avg/stddev):   20.0021/0.01

