sysbench 1.1.0 (using bundled LuaJIT 2.1.0-beta3)

Running the test with following options:
Number of threads: 16
Initializing random number generator from current time


Initializing worker threads...

Threads started!

SQL statistics:
    queries performed:
        read:                            0
        write:                           17185
        other:                           315256
        total:                           332441
    transactions:                        332441 (16615.51 per sec.)
    queries:                             332441 (16615.51 per sec.)
    ignored errors:                      0      (0.00 per sec.)
    reconnects:                          0      (0.00 per sec.)

Throughput:
    events/s (eps):                      16615.5086
    time elapsed:                        20.0079s
    total number of events:              332441

Latency (ms):
         min:                                  0.06
         avg:                                  0.96
         max:                                154.66
         95th percentile:                      6.55
         sum:                             319727.43

Threads fairness:
    events (avg/stddev):           20777.5625/628.87
    execution time (avg/stddev):   19.9830/0.00

