sysbench 1.1.0 (using bundled LuaJIT 2.1.0-beta3)

Running the test with following options:
Number of threads: 8
Initializing random number generator from current time


Initializing worker threads...

Threads started!

SQL statistics:
    queries performed:
        read:                            0
        write:                           46332
        other:                           11746
        total:                           58078
    transactions:                        58078  (2903.08 per sec.)
    queries:                             58078  (2903.08 per sec.)
    ignored errors:                      0      (0.00 per sec.)
    reconnects:                          0      (0.00 per sec.)

Throughput:
    events/s (eps):                      2903.0797
    time elapsed:                        20.0057s
    total number of events:              58078

Latency (ms):
         min:                                  0.08
         avg:                                  2.75
         max:                                 89.31
         95th percentile:                      4.82
         sum:                             159920.36

Threads fairness:
    events (avg/stddev):           7259.7500/79.39
    execution time (avg/stddev):   19.9900/0.00

