sysbench 1.1.0 (using bundled LuaJIT 2.1.0-beta3)

Running the test with following options:
Number of threads: 8
Initializing random number generator from current time


Initializing worker threads...

Threads started!

SQL statistics:
    queries performed:
        read:                            0
        write:                           9717
        other:                           295756
        total:                           305473
    transactions:                        305473 (15270.67 per sec.)
    queries:                             305473 (15270.67 per sec.)
    ignored errors:                      0      (0.00 per sec.)
    reconnects:                          0      (0.00 per sec.)

Throughput:
    events/s (eps):                      15270.6652
    time elapsed:                        20.0039s
    total number of events:              305473

Latency (ms):
         min:                                  0.06
         avg:                                  0.52
         max:                                 99.28
         95th percentile:                      1.44
         sum:                             159692.33

Threads fairness:
    events (avg/stddev):           38184.1250/1012.66
    execution time (avg/stddev):   19.9615/0.00

