sysbench 1.1.0 (using bundled LuaJIT 2.1.0-beta3)

Running the test with following options:
Number of threads: 16
Initializing random number generator from current time


Initializing worker threads...

Threads started!

SQL statistics:
    queries performed:
        read:                            242285
        write:                           0
        other:                           0
        total:                           242285
    transactions:                        242285 (12111.42 per sec.)
    queries:                             242285 (12111.42 per sec.)
    ignored errors:                      0      (0.00 per sec.)
    reconnects:                          0      (0.00 per sec.)

Throughput:
    events/s (eps):                      12111.4231
    time elapsed:                        20.0047s
    total number of events:              242285

Latency (ms):
         min:                                  0.10
         avg:                                  1.32
         max:                                130.81
         95th percentile:                      1.89
         sum:                             319505.16

Threads fairness:
    events (avg/stddev):           15142.8125/798.81
    execution time (avg/stddev):   19.9691/0.01

