sysbench 1.1.0 (using bundled LuaJIT 2.1.0-beta3)

Running the test with following options:
Number of threads: 1
Initializing random number generator from current time


Initializing worker threads...

Threads started!

SQL statistics:
    queries performed:
        read:                            10551
        write:                           0
        other:                           0
        total:                           10551
    transactions:                        10551  (527.52 per sec.)
    queries:                             10551  (527.52 per sec.)
    ignored errors:                      0      (0.00 per sec.)
    reconnects:                          0      (0.00 per sec.)

Throughput:
    events/s (eps):                      527.5237
    time elapsed:                        20.0010s
    total number of events:              10551

Latency (ms):
         min:                                  0.54
         avg:                                  1.89
         max:                                  4.97
         95th percentile:                      2.48
         sum:                              19971.76

Threads fairness:
    events (avg/stddev):           10551.0000/0.00
    execution time (avg/stddev):   19.9718/0.00

