sysbench 1.1.0 (using bundled LuaJIT 2.1.0-beta3)

Running the test with following options:
Number of threads: 8
Initializing random number generator from current time


Initializing worker threads...

Threads started!

SQL statistics:
    queries performed:
        read:                            223340
        write:                           0
        other:                           0
        total:                           223340
    transactions:                        223340 (11165.82 per sec.)
    queries:                             223340 (11165.82 per sec.)
    ignored errors:                      0      (0.00 per sec.)
    reconnects:                          0      (0.00 per sec.)

Throughput:
    events/s (eps):                      11165.8235
    time elapsed:                        20.0021s
    total number of events:              223340

Latency (ms):
         min:                                  0.11
         avg:                                  0.71
         max:                                 56.61
         95th percentile:                      1.14
         sum:                             159604.04

Threads fairness:
    events (avg/stddev):           27917.5000/4736.59
    execution time (avg/stddev):   19.9505/0.01

